[2021.06.02 12:05:58] (Coverage): Failed to load coverage data from file: /home/irinel/.cache/JetBrains/IdeaIC2021.1/coverage/project$App.ic
java.io.EOFException
	at java.base/java.io.DataInputStream.readByte(DataInputStream.java:272)
	at com.intellij.rt.coverage.util.CoverageIOUtil.readUTFFast(CoverageIOUtil.java:106)
	at com.intellij.rt.coverage.util.ProjectDataLoader.expand(ProjectDataLoader.java:107)
	at com.intellij.rt.coverage.util.ProjectDataLoader.load(ProjectDataLoader.java:49)
	at com.intellij.coverage.IDEACoverageRunner.loadCoverageData(IDEACoverageRunner.java:35)
	at com.intellij.coverage.BaseCoverageSuite.loadProjectInfo(BaseCoverageSuite.java:261)
	at com.intellij.coverage.JavaCoverageSuite.getCoverageData(JavaCoverageSuite.java:160)
	at com.intellij.coverage.CoverageSuitesBundle.getCoverageData(CoverageSuitesBundle.java:96)
	at com.intellij.coverage.PackageAnnotator.annotate(PackageAnnotator.java:125)
	at com.intellij.coverage.JavaCoverageAnnotator.lambda$createRenewRequest$1(JavaCoverageAnnotator.java:138)
	at com.intellij.coverage.BaseCoverageAnnotator$1.run(BaseCoverageAnnotator.java:38)
	at com.intellij.openapi.progress.impl.CoreProgressManager$TaskRunnable.run(CoreProgressManager.java:998)
	at com.intellij.openapi.progress.impl.CoreProgressManager.lambda$runProcessWithProgressAsync$5(CoreProgressManager.java:497)
	at com.intellij.openapi.progress.impl.ProgressRunner.lambda$submit$3(ProgressRunner.java:228)
	at com.intellij.openapi.progress.impl.CoreProgressManager.lambda$runProcess$2(CoreProgressManager.java:178)
	at com.intellij.openapi.progress.impl.CoreProgressManager.registerIndicatorAndRun(CoreProgressManager.java:688)
	at com.intellij.openapi.progress.impl.CoreProgressManager.executeProcessUnderProgress(CoreProgressManager.java:634)
	at com.intellij.openapi.progress.impl.ProgressManagerImpl.executeProcessUnderProgress(ProgressManagerImpl.java:64)
	at com.intellij.openapi.progress.impl.CoreProgressManager.runProcess(CoreProgressManager.java:165)
	at com.intellij.openapi.progress.impl.ProgressRunner.lambda$submit$4(ProgressRunner.java:228)
	at java.base/java.util.concurrent.CompletableFuture$AsyncSupply.run(CompletableFuture.java:1700)
	at java.base/java.util.concurrent.ThreadPoolExecutor.runWorker(ThreadPoolExecutor.java:1128)
	at java.base/java.util.concurrent.ThreadPoolExecutor$Worker.run(ThreadPoolExecutor.java:628)
	at java.base/java.util.concurrent.Executors$PrivilegedThreadFactory$1$1.run(Executors.java:668)
	at java.base/java.util.concurrent.Executors$PrivilegedThreadFactory$1$1.run(Executors.java:665)
	at java.base/java.security.AccessController.doPrivileged(Native Method)
	at java.base/java.util.concurrent.Executors$PrivilegedThreadFactory$1.run(Executors.java:665)
	at java.base/java.lang.Thread.run(Thread.java:829)
[2021.06.02 12:09:09] (Coverage): Failed to load coverage data from file: /home/irinel/.cache/JetBrains/IdeaIC2021.1/coverage/project$App.ic
java.io.EOFException
	at java.base/java.io.DataInputStream.readByte(DataInputStream.java:272)
	at com.intellij.rt.coverage.util.CoverageIOUtil.readUTFFast(CoverageIOUtil.java:106)
	at com.intellij.rt.coverage.util.ProjectDataLoader.expand(ProjectDataLoader.java:107)
	at com.intellij.rt.coverage.util.ProjectDataLoader.load(ProjectDataLoader.java:49)
	at com.intellij.coverage.IDEACoverageRunner.loadCoverageData(IDEACoverageRunner.java:35)
	at com.intellij.coverage.BaseCoverageSuite.loadProjectInfo(BaseCoverageSuite.java:261)
	at com.intellij.coverage.JavaCoverageSuite.getCoverageData(JavaCoverageSuite.java:160)
	at com.intellij.coverage.CoverageSuitesBundle.getCoverageData(CoverageSuitesBundle.java:96)
	at com.intellij.coverage.PackageAnnotator.annotate(PackageAnnotator.java:125)
	at com.intellij.coverage.JavaCoverageAnnotator.lambda$createRenewRequest$1(JavaCoverageAnnotator.java:138)
	at com.intellij.coverage.BaseCoverageAnnotator$1.run(BaseCoverageAnnotator.java:38)
	at com.intellij.openapi.progress.impl.CoreProgressManager$TaskRunnable.run(CoreProgressManager.java:998)
	at com.intellij.openapi.progress.impl.CoreProgressManager.lambda$runProcessWithProgressAsync$5(CoreProgressManager.java:497)
	at com.intellij.openapi.progress.impl.ProgressRunner.lambda$submit$3(ProgressRunner.java:228)
	at com.intellij.openapi.progress.impl.CoreProgressManager.lambda$runProcess$2(CoreProgressManager.java:178)
	at com.intellij.openapi.progress.impl.CoreProgressManager.registerIndicatorAndRun(CoreProgressManager.java:688)
	at com.intellij.openapi.progress.impl.CoreProgressManager.executeProcessUnderProgress(CoreProgressManager.java:634)
	at com.intellij.openapi.progress.impl.ProgressManagerImpl.executeProcessUnderProgress(ProgressManagerImpl.java:64)
	at com.intellij.openapi.progress.impl.CoreProgressManager.runProcess(CoreProgressManager.java:165)
	at com.intellij.openapi.progress.impl.ProgressRunner.lambda$submit$4(ProgressRunner.java:228)
	at java.base/java.util.concurrent.CompletableFuture$AsyncSupply.run(CompletableFuture.java:1700)
	at java.base/java.util.concurrent.ThreadPoolExecutor.runWorker(ThreadPoolExecutor.java:1128)
	at java.base/java.util.concurrent.ThreadPoolExecutor$Worker.run(ThreadPoolExecutor.java:628)
	at java.base/java.util.concurrent.Executors$PrivilegedThreadFactory$1$1.run(Executors.java:668)
	at java.base/java.util.concurrent.Executors$PrivilegedThreadFactory$1$1.run(Executors.java:665)
	at java.base/java.security.AccessController.doPrivileged(Native Method)
	at java.base/java.util.concurrent.Executors$PrivilegedThreadFactory$1.run(Executors.java:665)
	at java.base/java.lang.Thread.run(Thread.java:829)
[2021.06.02 12:10:58] (Coverage): Failed to load coverage data from file: /home/irinel/.cache/JetBrains/IdeaIC2021.1/coverage/project$App.ic
java.io.EOFException
	at java.base/java.io.DataInputStream.readByte(DataInputStream.java:272)
	at com.intellij.rt.coverage.util.CoverageIOUtil.readUTFFast(CoverageIOUtil.java:106)
	at com.intellij.rt.coverage.util.ProjectDataLoader.expand(ProjectDataLoader.java:107)
	at com.intellij.rt.coverage.util.ProjectDataLoader.load(ProjectDataLoader.java:49)
	at com.intellij.coverage.IDEACoverageRunner.loadCoverageData(IDEACoverageRunner.java:35)
	at com.intellij.coverage.BaseCoverageSuite.loadProjectInfo(BaseCoverageSuite.java:261)
	at com.intellij.coverage.JavaCoverageSuite.getCoverageData(JavaCoverageSuite.java:160)
	at com.intellij.coverage.CoverageSuitesBundle.getCoverageData(CoverageSuitesBundle.java:96)
	at com.intellij.coverage.CoverageEditorAnnotatorImpl.showCoverage(CoverageEditorAnnotatorImpl.java:273)
	at com.intellij.coverage.CoverageDataManagerImpl$CoverageEditorFactoryListener.lambda$editorCreated$1(CoverageDataManagerImpl.java:712)
	at com.intellij.util.concurrency.QueueProcessor.runSafely(QueueProcessor.java:238)
	at com.intellij.util.Alarm$Request.runSafely(Alarm.java:369)
	at com.intellij.util.Alarm$Request.run(Alarm.java:355)
	at java.base/java.util.concurrent.Executors$RunnableAdapter.call(Executors.java:515)
	at java.base/java.util.concurrent.FutureTask.run(FutureTask.java:264)
	at com.intellij.util.concurrency.SchedulingWrapper$MyScheduledFutureTask.run(SchedulingWrapper.java:220)
	at com.intellij.util.concurrency.BoundedTaskExecutor.doRun(BoundedTaskExecutor.java:216)
	at com.intellij.util.concurrency.BoundedTaskExecutor.access$200(BoundedTaskExecutor.java:27)
	at com.intellij.util.concurrency.BoundedTaskExecutor$1.execute(BoundedTaskExecutor.java:195)
	at com.intellij.util.ConcurrencyUtil.runUnderThreadName(ConcurrencyUtil.java:213)
	at com.intellij.util.concurrency.BoundedTaskExecutor$1.run(BoundedTaskExecutor.java:184)
	at java.base/java.util.concurrent.ThreadPoolExecutor.runWorker(ThreadPoolExecutor.java:1128)
	at java.base/java.util.concurrent.ThreadPoolExecutor$Worker.run(ThreadPoolExecutor.java:628)
	at java.base/java.util.concurrent.Executors$PrivilegedThreadFactory$1$1.run(Executors.java:668)
	at java.base/java.util.concurrent.Executors$PrivilegedThreadFactory$1$1.run(Executors.java:665)
	at java.base/java.security.AccessController.doPrivileged(Native Method)
	at java.base/java.util.concurrent.Executors$PrivilegedThreadFactory$1.run(Executors.java:665)
	at java.base/java.lang.Thread.run(Thread.java:829)
[2021.06.02 14:12:08] (Coverage): Failed to load coverage data from file: /home/irinel/.cache/JetBrains/IdeaIC2021.1/coverage/project$App.ic
java.io.EOFException
	at java.base/java.io.DataInputStream.readByte(DataInputStream.java:272)
	at com.intellij.rt.coverage.util.CoverageIOUtil.readUTFFast(CoverageIOUtil.java:106)
	at com.intellij.rt.coverage.util.ProjectDataLoader.expand(ProjectDataLoader.java:107)
	at com.intellij.rt.coverage.util.ProjectDataLoader.load(ProjectDataLoader.java:49)
	at com.intellij.coverage.IDEACoverageRunner.loadCoverageData(IDEACoverageRunner.java:35)
	at com.intellij.coverage.BaseCoverageSuite.loadProjectInfo(BaseCoverageSuite.java:261)
	at com.intellij.coverage.JavaCoverageSuite.getCoverageData(JavaCoverageSuite.java:160)
	at com.intellij.coverage.CoverageSuitesBundle.getCoverageData(CoverageSuitesBundle.java:96)
	at com.intellij.coverage.CoverageEditorAnnotatorImpl.showCoverage(CoverageEditorAnnotatorImpl.java:273)
	at com.intellij.coverage.CoverageDataManagerImpl$CoverageEditorFactoryListener.lambda$editorCreated$1(CoverageDataManagerImpl.java:712)
	at com.intellij.util.concurrency.QueueProcessor.runSafely(QueueProcessor.java:238)
	at com.intellij.util.Alarm$Request.runSafely(Alarm.java:369)
	at com.intellij.util.Alarm$Request.run(Alarm.java:355)
	at java.base/java.util.concurrent.Executors$RunnableAdapter.call(Executors.java:515)
	at java.base/java.util.concurrent.FutureTask.run(FutureTask.java:264)
	at com.intellij.util.concurrency.SchedulingWrapper$MyScheduledFutureTask.run(SchedulingWrapper.java:220)
	at com.intellij.util.concurrency.BoundedTaskExecutor.doRun(BoundedTaskExecutor.java:216)
	at com.intellij.util.concurrency.BoundedTaskExecutor.access$200(BoundedTaskExecutor.java:27)
	at com.intellij.util.concurrency.BoundedTaskExecutor$1.execute(BoundedTaskExecutor.java:195)
	at com.intellij.util.ConcurrencyUtil.runUnderThreadName(ConcurrencyUtil.java:213)
	at com.intellij.util.concurrency.BoundedTaskExecutor$1.run(BoundedTaskExecutor.java:184)
	at java.base/java.util.concurrent.ThreadPoolExecutor.runWorker(ThreadPoolExecutor.java:1128)
	at java.base/java.util.concurrent.ThreadPoolExecutor$Worker.run(ThreadPoolExecutor.java:628)
	at java.base/java.util.concurrent.Executors$PrivilegedThreadFactory$1$1.run(Executors.java:668)
	at java.base/java.util.concurrent.Executors$PrivilegedThreadFactory$1$1.run(Executors.java:665)
	at java.base/java.security.AccessController.doPrivileged(Native Method)
	at java.base/java.util.concurrent.Executors$PrivilegedThreadFactory$1.run(Executors.java:665)
	at java.base/java.lang.Thread.run(Thread.java:829)
[2021.06.02 14:14:36] (Coverage): Failed to load coverage data from file: /home/irinel/.cache/JetBrains/IdeaIC2021.1/coverage/project$App.ic
java.io.EOFException
	at java.base/java.io.DataInputStream.readByte(DataInputStream.java:272)
	at com.intellij.rt.coverage.util.CoverageIOUtil.readUTFFast(CoverageIOUtil.java:106)
	at com.intellij.rt.coverage.util.ProjectDataLoader.expand(ProjectDataLoader.java:107)
	at com.intellij.rt.coverage.util.ProjectDataLoader.load(ProjectDataLoader.java:49)
	at com.intellij.coverage.IDEACoverageRunner.loadCoverageData(IDEACoverageRunner.java:35)
	at com.intellij.coverage.BaseCoverageSuite.loadProjectInfo(BaseCoverageSuite.java:261)
	at com.intellij.coverage.JavaCoverageSuite.getCoverageData(JavaCoverageSuite.java:160)
	at com.intellij.coverage.CoverageSuitesBundle.getCoverageData(CoverageSuitesBundle.java:96)
	at com.intellij.coverage.CoverageEditorAnnotatorImpl.showCoverage(CoverageEditorAnnotatorImpl.java:273)
	at com.intellij.coverage.CoverageDataManagerImpl$CoverageEditorFactoryListener.lambda$editorCreated$1(CoverageDataManagerImpl.java:712)
	at com.intellij.util.concurrency.QueueProcessor.runSafely(QueueProcessor.java:238)
	at com.intellij.util.Alarm$Request.runSafely(Alarm.java:369)
	at com.intellij.util.Alarm$Request.run(Alarm.java:355)
	at java.base/java.util.concurrent.Executors$RunnableAdapter.call(Executors.java:515)
	at java.base/java.util.concurrent.FutureTask.run(FutureTask.java:264)
	at com.intellij.util.concurrency.SchedulingWrapper$MyScheduledFutureTask.run(SchedulingWrapper.java:220)
	at com.intellij.util.concurrency.BoundedTaskExecutor.doRun(BoundedTaskExecutor.java:216)
	at com.intellij.util.concurrency.BoundedTaskExecutor.access$200(BoundedTaskExecutor.java:27)
	at com.intellij.util.concurrency.BoundedTaskExecutor$1.execute(BoundedTaskExecutor.java:195)
	at com.intellij.util.ConcurrencyUtil.runUnderThreadName(ConcurrencyUtil.java:213)
	at com.intellij.util.concurrency.BoundedTaskExecutor$1.run(BoundedTaskExecutor.java:184)
	at java.base/java.util.concurrent.ThreadPoolExecutor.runWorker(ThreadPoolExecutor.java:1128)
	at java.base/java.util.concurrent.ThreadPoolExecutor$Worker.run(ThreadPoolExecutor.java:628)
	at java.base/java.util.concurrent.Executors$PrivilegedThreadFactory$1$1.run(Executors.java:668)
	at java.base/java.util.concurrent.Executors$PrivilegedThreadFactory$1$1.run(Executors.java:665)
	at java.base/java.security.AccessController.doPrivileged(Native Method)
	at java.base/java.util.concurrent.Executors$PrivilegedThreadFactory$1.run(Executors.java:665)
	at java.base/java.lang.Thread.run(Thread.java:829)
[2021.06.02 14:25:14] (Coverage): Failed to load coverage data from file: /home/irinel/.cache/JetBrains/IdeaIC2021.1/coverage/project$App.ic
java.io.EOFException
	at java.base/java.io.DataInputStream.readByte(DataInputStream.java:272)
	at com.intellij.rt.coverage.util.CoverageIOUtil.readUTFFast(CoverageIOUtil.java:106)
	at com.intellij.rt.coverage.util.ProjectDataLoader.expand(ProjectDataLoader.java:107)
	at com.intellij.rt.coverage.util.ProjectDataLoader.load(ProjectDataLoader.java:49)
	at com.intellij.coverage.IDEACoverageRunner.loadCoverageData(IDEACoverageRunner.java:35)
	at com.intellij.coverage.BaseCoverageSuite.loadProjectInfo(BaseCoverageSuite.java:261)
	at com.intellij.coverage.JavaCoverageSuite.getCoverageData(JavaCoverageSuite.java:160)
	at com.intellij.coverage.CoverageSuitesBundle.getCoverageData(CoverageSuitesBundle.java:96)
	at com.intellij.coverage.CoverageEditorAnnotatorImpl.showCoverage(CoverageEditorAnnotatorImpl.java:273)
	at com.intellij.coverage.CoverageDataManagerImpl$CoverageEditorFactoryListener.lambda$editorCreated$1(CoverageDataManagerImpl.java:712)
	at com.intellij.util.concurrency.QueueProcessor.runSafely(QueueProcessor.java:238)
	at com.intellij.util.Alarm$Request.runSafely(Alarm.java:369)
	at com.intellij.util.Alarm$Request.run(Alarm.java:355)
	at java.base/java.util.concurrent.Executors$RunnableAdapter.call(Executors.java:515)
	at java.base/java.util.concurrent.FutureTask.run(FutureTask.java:264)
	at com.intellij.util.concurrency.SchedulingWrapper$MyScheduledFutureTask.run(SchedulingWrapper.java:220)
	at com.intellij.util.concurrency.BoundedTaskExecutor.doRun(BoundedTaskExecutor.java:216)
	at com.intellij.util.concurrency.BoundedTaskExecutor.access$200(BoundedTaskExecutor.java:27)
	at com.intellij.util.concurrency.BoundedTaskExecutor$1.execute(BoundedTaskExecutor.java:195)
	at com.intellij.util.ConcurrencyUtil.runUnderThreadName(ConcurrencyUtil.java:213)
	at com.intellij.util.concurrency.BoundedTaskExecutor$1.run(BoundedTaskExecutor.java:184)
	at java.base/java.util.concurrent.ThreadPoolExecutor.runWorker(ThreadPoolExecutor.java:1128)
	at java.base/java.util.concurrent.ThreadPoolExecutor$Worker.run(ThreadPoolExecutor.java:628)
	at java.base/java.util.concurrent.Executors$PrivilegedThreadFactory$1$1.run(Executors.java:668)
	at java.base/java.util.concurrent.Executors$PrivilegedThreadFactory$1$1.run(Executors.java:665)
	at java.base/java.security.AccessController.doPrivileged(Native Method)
	at java.base/java.util.concurrent.Executors$PrivilegedThreadFactory$1.run(Executors.java:665)
	at java.base/java.lang.Thread.run(Thread.java:829)
[2021.06.02 18:41:16] (Coverage): Failed to load coverage data from file: /home/irinel/.cache/JetBrains/IdeaIC2021.1/coverage/project$App.ic
java.io.EOFException
	at java.base/java.io.DataInputStream.readByte(DataInputStream.java:272)
	at com.intellij.rt.coverage.util.CoverageIOUtil.readUTFFast(CoverageIOUtil.java:106)
	at com.intellij.rt.coverage.util.ProjectDataLoader.expand(ProjectDataLoader.java:107)
	at com.intellij.rt.coverage.util.ProjectDataLoader.load(ProjectDataLoader.java:49)
	at com.intellij.coverage.IDEACoverageRunner.loadCoverageData(IDEACoverageRunner.java:35)
	at com.intellij.coverage.BaseCoverageSuite.loadProjectInfo(BaseCoverageSuite.java:261)
	at com.intellij.coverage.JavaCoverageSuite.getCoverageData(JavaCoverageSuite.java:160)
	at com.intellij.coverage.CoverageSuitesBundle.getCoverageData(CoverageSuitesBundle.java:96)
	at com.intellij.coverage.CoverageEditorAnnotatorImpl.showCoverage(CoverageEditorAnnotatorImpl.java:273)
	at com.intellij.coverage.CoverageDataManagerImpl$CoverageEditorFactoryListener.lambda$editorCreated$1(CoverageDataManagerImpl.java:712)
	at com.intellij.util.concurrency.QueueProcessor.runSafely(QueueProcessor.java:238)
	at com.intellij.util.Alarm$Request.runSafely(Alarm.java:369)
	at com.intellij.util.Alarm$Request.run(Alarm.java:355)
	at java.base/java.util.concurrent.Executors$RunnableAdapter.call(Executors.java:515)
	at java.base/java.util.concurrent.FutureTask.run(FutureTask.java:264)
	at com.intellij.util.concurrency.SchedulingWrapper$MyScheduledFutureTask.run(SchedulingWrapper.java:220)
	at com.intellij.util.concurrency.BoundedTaskExecutor.doRun(BoundedTaskExecutor.java:216)
	at com.intellij.util.concurrency.BoundedTaskExecutor.access$200(BoundedTaskExecutor.java:27)
	at com.intellij.util.concurrency.BoundedTaskExecutor$1.execute(BoundedTaskExecutor.java:195)
	at com.intellij.util.ConcurrencyUtil.runUnderThreadName(ConcurrencyUtil.java:213)
	at com.intellij.util.concurrency.BoundedTaskExecutor$1.run(BoundedTaskExecutor.java:184)
	at java.base/java.util.concurrent.ThreadPoolExecutor.runWorker(ThreadPoolExecutor.java:1128)
	at java.base/java.util.concurrent.ThreadPoolExecutor$Worker.run(ThreadPoolExecutor.java:628)
	at java.base/java.util.concurrent.Executors$PrivilegedThreadFactory$1$1.run(Executors.java:668)
	at java.base/java.util.concurrent.Executors$PrivilegedThreadFactory$1$1.run(Executors.java:665)
	at java.base/java.security.AccessController.doPrivileged(Native Method)
	at java.base/java.util.concurrent.Executors$PrivilegedThreadFactory$1.run(Executors.java:665)
	at java.base/java.lang.Thread.run(Thread.java:829)
[2021.06.02 18:59:53] (Coverage): Failed to load coverage data from file: /home/irinel/.cache/JetBrains/IdeaIC2021.1/coverage/project$App.ic
java.io.EOFException
	at java.base/java.io.DataInputStream.readByte(DataInputStream.java:272)
	at com.intellij.rt.coverage.util.CoverageIOUtil.readUTFFast(CoverageIOUtil.java:106)
	at com.intellij.rt.coverage.util.ProjectDataLoader.expand(ProjectDataLoader.java:107)
	at com.intellij.rt.coverage.util.ProjectDataLoader.load(ProjectDataLoader.java:49)
	at com.intellij.coverage.IDEACoverageRunner.loadCoverageData(IDEACoverageRunner.java:35)
	at com.intellij.coverage.BaseCoverageSuite.loadProjectInfo(BaseCoverageSuite.java:261)
	at com.intellij.coverage.JavaCoverageSuite.getCoverageData(JavaCoverageSuite.java:160)
	at com.intellij.coverage.CoverageSuitesBundle.getCoverageData(CoverageSuitesBundle.java:96)
	at com.intellij.coverage.CoverageEditorAnnotatorImpl.showCoverage(CoverageEditorAnnotatorImpl.java:273)
	at com.intellij.coverage.CoverageDataManagerImpl$CoverageEditorFactoryListener.lambda$editorCreated$1(CoverageDataManagerImpl.java:712)
	at com.intellij.util.concurrency.QueueProcessor.runSafely(QueueProcessor.java:238)
	at com.intellij.util.Alarm$Request.runSafely(Alarm.java:369)
	at com.intellij.util.Alarm$Request.run(Alarm.java:355)
	at java.base/java.util.concurrent.Executors$RunnableAdapter.call(Executors.java:515)
	at java.base/java.util.concurrent.FutureTask.run(FutureTask.java:264)
	at com.intellij.util.concurrency.SchedulingWrapper$MyScheduledFutureTask.run(SchedulingWrapper.java:220)
	at com.intellij.util.concurrency.BoundedTaskExecutor.doRun(BoundedTaskExecutor.java:216)
	at com.intellij.util.concurrency.BoundedTaskExecutor.access$200(BoundedTaskExecutor.java:27)
	at com.intellij.util.concurrency.BoundedTaskExecutor$1.execute(BoundedTaskExecutor.java:195)
	at com.intellij.util.ConcurrencyUtil.runUnderThreadName(ConcurrencyUtil.java:213)
	at com.intellij.util.concurrency.BoundedTaskExecutor$1.run(BoundedTaskExecutor.java:184)
	at java.base/java.util.concurrent.ThreadPoolExecutor.runWorker(ThreadPoolExecutor.java:1128)
	at java.base/java.util.concurrent.ThreadPoolExecutor$Worker.run(ThreadPoolExecutor.java:628)
	at java.base/java.util.concurrent.Executors$PrivilegedThreadFactory$1$1.run(Executors.java:668)
	at java.base/java.util.concurrent.Executors$PrivilegedThreadFactory$1$1.run(Executors.java:665)
	at java.base/java.security.AccessController.doPrivileged(Native Method)
	at java.base/java.util.concurrent.Executors$PrivilegedThreadFactory$1.run(Executors.java:665)
	at java.base/java.lang.Thread.run(Thread.java:829)
[2021.06.02 19:41:46] (Coverage): Failed to load coverage data from file: /home/irinel/.cache/JetBrains/IdeaIC2021.1/coverage/project$App.ic
java.io.EOFException
	at java.base/java.io.DataInputStream.readByte(DataInputStream.java:272)
	at com.intellij.rt.coverage.util.CoverageIOUtil.readUTFFast(CoverageIOUtil.java:106)
	at com.intellij.rt.coverage.util.ProjectDataLoader.expand(ProjectDataLoader.java:107)
	at com.intellij.rt.coverage.util.ProjectDataLoader.load(ProjectDataLoader.java:49)
	at com.intellij.coverage.IDEACoverageRunner.loadCoverageData(IDEACoverageRunner.java:35)
	at com.intellij.coverage.BaseCoverageSuite.loadProjectInfo(BaseCoverageSuite.java:261)
	at com.intellij.coverage.JavaCoverageSuite.getCoverageData(JavaCoverageSuite.java:160)
	at com.intellij.coverage.CoverageSuitesBundle.getCoverageData(CoverageSuitesBundle.java:96)
	at com.intellij.coverage.CoverageEditorAnnotatorImpl.showCoverage(CoverageEditorAnnotatorImpl.java:273)
	at com.intellij.coverage.CoverageDataManagerImpl$CoverageEditorFactoryListener.lambda$editorCreated$1(CoverageDataManagerImpl.java:712)
	at com.intellij.util.concurrency.QueueProcessor.runSafely(QueueProcessor.java:238)
	at com.intellij.util.Alarm$Request.runSafely(Alarm.java:369)
	at com.intellij.util.Alarm$Request.run(Alarm.java:355)
	at java.base/java.util.concurrent.Executors$RunnableAdapter.call(Executors.java:515)
	at java.base/java.util.concurrent.FutureTask.run(FutureTask.java:264)
	at com.intellij.util.concurrency.SchedulingWrapper$MyScheduledFutureTask.run(SchedulingWrapper.java:220)
	at com.intellij.util.concurrency.BoundedTaskExecutor.doRun(BoundedTaskExecutor.java:216)
	at com.intellij.util.concurrency.BoundedTaskExecutor.access$200(BoundedTaskExecutor.java:27)
	at com.intellij.util.concurrency.BoundedTaskExecutor$1.execute(BoundedTaskExecutor.java:195)
	at com.intellij.util.ConcurrencyUtil.runUnderThreadName(ConcurrencyUtil.java:213)
	at com.intellij.util.concurrency.BoundedTaskExecutor$1.run(BoundedTaskExecutor.java:184)
	at java.base/java.util.concurrent.ThreadPoolExecutor.runWorker(ThreadPoolExecutor.java:1128)
	at java.base/java.util.concurrent.ThreadPoolExecutor$Worker.run(ThreadPoolExecutor.java:628)
	at java.base/java.util.concurrent.Executors$PrivilegedThreadFactory$1$1.run(Executors.java:668)
	at java.base/java.util.concurrent.Executors$PrivilegedThreadFactory$1$1.run(Executors.java:665)
	at java.base/java.security.AccessController.doPrivileged(Native Method)
	at java.base/java.util.concurrent.Executors$PrivilegedThreadFactory$1.run(Executors.java:665)
	at java.base/java.lang.Thread.run(Thread.java:829)
[2021.06.02 19:58:20] (Coverage): Failed to load coverage data from file: /home/irinel/.cache/JetBrains/IdeaIC2021.1/coverage/project$App.ic
java.io.EOFException
	at java.base/java.io.DataInputStream.readByte(DataInputStream.java:272)
	at com.intellij.rt.coverage.util.CoverageIOUtil.readUTFFast(CoverageIOUtil.java:106)
	at com.intellij.rt.coverage.util.ProjectDataLoader.expand(ProjectDataLoader.java:107)
	at com.intellij.rt.coverage.util.ProjectDataLoader.load(ProjectDataLoader.java:49)
	at com.intellij.coverage.IDEACoverageRunner.loadCoverageData(IDEACoverageRunner.java:35)
	at com.intellij.coverage.BaseCoverageSuite.loadProjectInfo(BaseCoverageSuite.java:261)
	at com.intellij.coverage.JavaCoverageSuite.getCoverageData(JavaCoverageSuite.java:160)
	at com.intellij.coverage.CoverageSuitesBundle.getCoverageData(CoverageSuitesBundle.java:96)
	at com.intellij.coverage.CoverageEditorAnnotatorImpl.showCoverage(CoverageEditorAnnotatorImpl.java:273)
	at com.intellij.coverage.CoverageDataManagerImpl$CoverageEditorFactoryListener.lambda$editorCreated$1(CoverageDataManagerImpl.java:712)
	at com.intellij.util.concurrency.QueueProcessor.runSafely(QueueProcessor.java:238)
	at com.intellij.util.Alarm$Request.runSafely(Alarm.java:369)
	at com.intellij.util.Alarm$Request.run(Alarm.java:355)
	at java.base/java.util.concurrent.Executors$RunnableAdapter.call(Executors.java:515)
	at java.base/java.util.concurrent.FutureTask.run(FutureTask.java:264)
	at com.intellij.util.concurrency.SchedulingWrapper$MyScheduledFutureTask.run(SchedulingWrapper.java:220)
	at com.intellij.util.concurrency.BoundedTaskExecutor.doRun(BoundedTaskExecutor.java:216)
	at com.intellij.util.concurrency.BoundedTaskExecutor.access$200(BoundedTaskExecutor.java:27)
	at com.intellij.util.concurrency.BoundedTaskExecutor$1.execute(BoundedTaskExecutor.java:195)
	at com.intellij.util.ConcurrencyUtil.runUnderThreadName(ConcurrencyUtil.java:213)
	at com.intellij.util.concurrency.BoundedTaskExecutor$1.run(BoundedTaskExecutor.java:184)
	at java.base/java.util.concurrent.ThreadPoolExecutor.runWorker(ThreadPoolExecutor.java:1128)
	at java.base/java.util.concurrent.ThreadPoolExecutor$Worker.run(ThreadPoolExecutor.java:628)
	at java.base/java.util.concurrent.Executors$PrivilegedThreadFactory$1$1.run(Executors.java:668)
	at java.base/java.util.concurrent.Executors$PrivilegedThreadFactory$1$1.run(Executors.java:665)
	at java.base/java.security.AccessController.doPrivileged(Native Method)
	at java.base/java.util.concurrent.Executors$PrivilegedThreadFactory$1.run(Executors.java:665)
	at java.base/java.lang.Thread.run(Thread.java:829)
[2021.06.02 20:28:20] (Coverage): Failed to load coverage data from file: /home/irinel/.cache/JetBrains/IdeaIC2021.1/coverage/project$App.ic
java.io.EOFException
	at java.base/java.io.DataInputStream.readByte(DataInputStream.java:272)
	at com.intellij.rt.coverage.util.CoverageIOUtil.readUTFFast(CoverageIOUtil.java:106)
	at com.intellij.rt.coverage.util.ProjectDataLoader.expand(ProjectDataLoader.java:107)
	at com.intellij.rt.coverage.util.ProjectDataLoader.load(ProjectDataLoader.java:49)
	at com.intellij.coverage.IDEACoverageRunner.loadCoverageData(IDEACoverageRunner.java:35)
	at com.intellij.coverage.BaseCoverageSuite.loadProjectInfo(BaseCoverageSuite.java:261)
	at com.intellij.coverage.JavaCoverageSuite.getCoverageData(JavaCoverageSuite.java:160)
	at com.intellij.coverage.CoverageSuitesBundle.getCoverageData(CoverageSuitesBundle.java:96)
	at com.intellij.coverage.CoverageEditorAnnotatorImpl.showCoverage(CoverageEditorAnnotatorImpl.java:273)
	at com.intellij.coverage.CoverageDataManagerImpl$CoverageEditorFactoryListener.lambda$editorCreated$1(CoverageDataManagerImpl.java:712)
	at com.intellij.util.concurrency.QueueProcessor.runSafely(QueueProcessor.java:238)
	at com.intellij.util.Alarm$Request.runSafely(Alarm.java:369)
	at com.intellij.util.Alarm$Request.run(Alarm.java:355)
	at java.base/java.util.concurrent.Executors$RunnableAdapter.call(Executors.java:515)
	at java.base/java.util.concurrent.FutureTask.run(FutureTask.java:264)
	at com.intellij.util.concurrency.SchedulingWrapper$MyScheduledFutureTask.run(SchedulingWrapper.java:220)
	at com.intellij.util.concurrency.BoundedTaskExecutor.doRun(BoundedTaskExecutor.java:216)
	at com.intellij.util.concurrency.BoundedTaskExecutor.access$200(BoundedTaskExecutor.java:27)
	at com.intellij.util.concurrency.BoundedTaskExecutor$1.execute(BoundedTaskExecutor.java:195)
	at com.intellij.util.ConcurrencyUtil.runUnderThreadName(ConcurrencyUtil.java:213)
	at com.intellij.util.concurrency.BoundedTaskExecutor$1.run(BoundedTaskExecutor.java:184)
	at java.base/java.util.concurrent.ThreadPoolExecutor.runWorker(ThreadPoolExecutor.java:1128)
	at java.base/java.util.concurrent.ThreadPoolExecutor$Worker.run(ThreadPoolExecutor.java:628)
	at java.base/java.util.concurrent.Executors$PrivilegedThreadFactory$1$1.run(Executors.java:668)
	at java.base/java.util.concurrent.Executors$PrivilegedThreadFactory$1$1.run(Executors.java:665)
	at java.base/java.security.AccessController.doPrivileged(Native Method)
	at java.base/java.util.concurrent.Executors$PrivilegedThreadFactory$1.run(Executors.java:665)
	at java.base/java.lang.Thread.run(Thread.java:829)
[2021.06.02 20:56:23] (Coverage): Failed to load coverage data from file: /home/irinel/.cache/JetBrains/IdeaIC2021.1/coverage/project$App.ic
java.io.EOFException
	at java.base/java.io.DataInputStream.readByte(DataInputStream.java:272)
	at com.intellij.rt.coverage.util.CoverageIOUtil.readUTFFast(CoverageIOUtil.java:106)
	at com.intellij.rt.coverage.util.ProjectDataLoader.expand(ProjectDataLoader.java:107)
	at com.intellij.rt.coverage.util.ProjectDataLoader.load(ProjectDataLoader.java:49)
	at com.intellij.coverage.IDEACoverageRunner.loadCoverageData(IDEACoverageRunner.java:35)
	at com.intellij.coverage.BaseCoverageSuite.loadProjectInfo(BaseCoverageSuite.java:261)
	at com.intellij.coverage.JavaCoverageSuite.getCoverageData(JavaCoverageSuite.java:160)
	at com.intellij.coverage.CoverageSuitesBundle.getCoverageData(CoverageSuitesBundle.java:96)
	at com.intellij.coverage.CoverageEditorAnnotatorImpl.showCoverage(CoverageEditorAnnotatorImpl.java:273)
	at com.intellij.coverage.CoverageDataManagerImpl$CoverageEditorFactoryListener.lambda$editorCreated$1(CoverageDataManagerImpl.java:712)
	at com.intellij.util.concurrency.QueueProcessor.runSafely(QueueProcessor.java:238)
	at com.intellij.util.Alarm$Request.runSafely(Alarm.java:369)
	at com.intellij.util.Alarm$Request.run(Alarm.java:355)
	at java.base/java.util.concurrent.Executors$RunnableAdapter.call(Executors.java:515)
	at java.base/java.util.concurrent.FutureTask.run(FutureTask.java:264)
	at com.intellij.util.concurrency.SchedulingWrapper$MyScheduledFutureTask.run(SchedulingWrapper.java:220)
	at com.intellij.util.concurrency.BoundedTaskExecutor.doRun(BoundedTaskExecutor.java:216)
	at com.intellij.util.concurrency.BoundedTaskExecutor.access$200(BoundedTaskExecutor.java:27)
	at com.intellij.util.concurrency.BoundedTaskExecutor$1.execute(BoundedTaskExecutor.java:195)
	at com.intellij.util.ConcurrencyUtil.runUnderThreadName(ConcurrencyUtil.java:213)
	at com.intellij.util.concurrency.BoundedTaskExecutor$1.run(BoundedTaskExecutor.java:184)
	at java.base/java.util.concurrent.ThreadPoolExecutor.runWorker(ThreadPoolExecutor.java:1128)
	at java.base/java.util.concurrent.ThreadPoolExecutor$Worker.run(ThreadPoolExecutor.java:628)
	at java.base/java.util.concurrent.Executors$PrivilegedThreadFactory$1$1.run(Executors.java:668)
	at java.base/java.util.concurrent.Executors$PrivilegedThreadFactory$1$1.run(Executors.java:665)
	at java.base/java.security.AccessController.doPrivileged(Native Method)
	at java.base/java.util.concurrent.Executors$PrivilegedThreadFactory$1.run(Executors.java:665)
	at java.base/java.lang.Thread.run(Thread.java:829)
[2021.06.02 21:54:37] (Coverage): Failed to load coverage data from file: /home/irinel/.cache/JetBrains/IdeaIC2021.1/coverage/project$App.ic
java.io.EOFException
	at java.base/java.io.DataInputStream.readByte(DataInputStream.java:272)
	at com.intellij.rt.coverage.util.CoverageIOUtil.readUTFFast(CoverageIOUtil.java:106)
	at com.intellij.rt.coverage.util.ProjectDataLoader.expand(ProjectDataLoader.java:107)
	at com.intellij.rt.coverage.util.ProjectDataLoader.load(ProjectDataLoader.java:49)
	at com.intellij.coverage.IDEACoverageRunner.loadCoverageData(IDEACoverageRunner.java:35)
	at com.intellij.coverage.BaseCoverageSuite.loadProjectInfo(BaseCoverageSuite.java:261)
	at com.intellij.coverage.JavaCoverageSuite.getCoverageData(JavaCoverageSuite.java:160)
	at com.intellij.coverage.CoverageSuitesBundle.getCoverageData(CoverageSuitesBundle.java:96)
	at com.intellij.coverage.CoverageEditorAnnotatorImpl.showCoverage(CoverageEditorAnnotatorImpl.java:273)
	at com.intellij.coverage.CoverageDataManagerImpl$CoverageEditorFactoryListener.lambda$editorCreated$1(CoverageDataManagerImpl.java:712)
	at com.intellij.util.concurrency.QueueProcessor.runSafely(QueueProcessor.java:238)
	at com.intellij.util.Alarm$Request.runSafely(Alarm.java:369)
	at com.intellij.util.Alarm$Request.run(Alarm.java:355)
	at java.base/java.util.concurrent.Executors$RunnableAdapter.call(Executors.java:515)
	at java.base/java.util.concurrent.FutureTask.run(FutureTask.java:264)
	at com.intellij.util.concurrency.SchedulingWrapper$MyScheduledFutureTask.run(SchedulingWrapper.java:220)
	at com.intellij.util.concurrency.BoundedTaskExecutor.doRun(BoundedTaskExecutor.java:216)
	at com.intellij.util.concurrency.BoundedTaskExecutor.access$200(BoundedTaskExecutor.java:27)
	at com.intellij.util.concurrency.BoundedTaskExecutor$1.execute(BoundedTaskExecutor.java:195)
	at com.intellij.util.ConcurrencyUtil.runUnderThreadName(ConcurrencyUtil.java:213)
	at com.intellij.util.concurrency.BoundedTaskExecutor$1.run(BoundedTaskExecutor.java:184)
	at java.base/java.util.concurrent.ThreadPoolExecutor.runWorker(ThreadPoolExecutor.java:1128)
	at java.base/java.util.concurrent.ThreadPoolExecutor$Worker.run(ThreadPoolExecutor.java:628)
	at java.base/java.util.concurrent.Executors$PrivilegedThreadFactory$1$1.run(Executors.java:668)
	at java.base/java.util.concurrent.Executors$PrivilegedThreadFactory$1$1.run(Executors.java:665)
	at java.base/java.security.AccessController.doPrivileged(Native Method)
	at java.base/java.util.concurrent.Executors$PrivilegedThreadFactory$1.run(Executors.java:665)
	at java.base/java.lang.Thread.run(Thread.java:829)
[2021.06.02 22:19:39] (Coverage): Failed to load coverage data from file: /home/irinel/.cache/JetBrains/IdeaIC2021.1/coverage/project$App.ic
java.io.EOFException
	at java.base/java.io.DataInputStream.readByte(DataInputStream.java:272)
	at com.intellij.rt.coverage.util.CoverageIOUtil.readUTFFast(CoverageIOUtil.java:106)
	at com.intellij.rt.coverage.util.ProjectDataLoader.expand(ProjectDataLoader.java:107)
	at com.intellij.rt.coverage.util.ProjectDataLoader.load(ProjectDataLoader.java:49)
	at com.intellij.coverage.IDEACoverageRunner.loadCoverageData(IDEACoverageRunner.java:35)
	at com.intellij.coverage.BaseCoverageSuite.loadProjectInfo(BaseCoverageSuite.java:261)
	at com.intellij.coverage.JavaCoverageSuite.getCoverageData(JavaCoverageSuite.java:160)
	at com.intellij.coverage.CoverageSuitesBundle.getCoverageData(CoverageSuitesBundle.java:96)
	at com.intellij.coverage.CoverageEditorAnnotatorImpl.showCoverage(CoverageEditorAnnotatorImpl.java:273)
	at com.intellij.coverage.CoverageDataManagerImpl$CoverageEditorFactoryListener.lambda$editorCreated$1(CoverageDataManagerImpl.java:712)
	at com.intellij.util.concurrency.QueueProcessor.runSafely(QueueProcessor.java:238)
	at com.intellij.util.Alarm$Request.runSafely(Alarm.java:369)
	at com.intellij.util.Alarm$Request.run(Alarm.java:355)
	at java.base/java.util.concurrent.Executors$RunnableAdapter.call(Executors.java:515)
	at java.base/java.util.concurrent.FutureTask.run(FutureTask.java:264)
	at com.intellij.util.concurrency.SchedulingWrapper$MyScheduledFutureTask.run(SchedulingWrapper.java:220)
	at com.intellij.util.concurrency.BoundedTaskExecutor.doRun(BoundedTaskExecutor.java:216)
	at com.intellij.util.concurrency.BoundedTaskExecutor.access$200(BoundedTaskExecutor.java:27)
	at com.intellij.util.concurrency.BoundedTaskExecutor$1.execute(BoundedTaskExecutor.java:195)
	at com.intellij.util.ConcurrencyUtil.runUnderThreadName(ConcurrencyUtil.java:213)
	at com.intellij.util.concurrency.BoundedTaskExecutor$1.run(BoundedTaskExecutor.java:184)
	at java.base/java.util.concurrent.ThreadPoolExecutor.runWorker(ThreadPoolExecutor.java:1128)
	at java.base/java.util.concurrent.ThreadPoolExecutor$Worker.run(ThreadPoolExecutor.java:628)
	at java.base/java.util.concurrent.Executors$PrivilegedThreadFactory$1$1.run(Executors.java:668)
	at java.base/java.util.concurrent.Executors$PrivilegedThreadFactory$1$1.run(Executors.java:665)
	at java.base/java.security.AccessController.doPrivileged(Native Method)
	at java.base/java.util.concurrent.Executors$PrivilegedThreadFactory$1.run(Executors.java:665)
	at java.base/java.lang.Thread.run(Thread.java:829)
[2021.06.02 22:31:20] (Coverage): Failed to load coverage data from file: /home/irinel/.cache/JetBrains/IdeaIC2021.1/coverage/project$App.ic
java.io.EOFException
	at java.base/java.io.DataInputStream.readByte(DataInputStream.java:272)
	at com.intellij.rt.coverage.util.CoverageIOUtil.readUTFFast(CoverageIOUtil.java:106)
	at com.intellij.rt.coverage.util.ProjectDataLoader.expand(ProjectDataLoader.java:107)
	at com.intellij.rt.coverage.util.ProjectDataLoader.load(ProjectDataLoader.java:49)
	at com.intellij.coverage.IDEACoverageRunner.loadCoverageData(IDEACoverageRunner.java:35)
	at com.intellij.coverage.BaseCoverageSuite.loadProjectInfo(BaseCoverageSuite.java:261)
	at com.intellij.coverage.JavaCoverageSuite.getCoverageData(JavaCoverageSuite.java:160)
	at com.intellij.coverage.CoverageSuitesBundle.getCoverageData(CoverageSuitesBundle.java:96)
	at com.intellij.coverage.CoverageEditorAnnotatorImpl.showCoverage(CoverageEditorAnnotatorImpl.java:273)
	at com.intellij.coverage.CoverageDataManagerImpl$CoverageEditorFactoryListener.lambda$editorCreated$1(CoverageDataManagerImpl.java:712)
	at com.intellij.util.concurrency.QueueProcessor.runSafely(QueueProcessor.java:238)
	at com.intellij.util.Alarm$Request.runSafely(Alarm.java:369)
	at com.intellij.util.Alarm$Request.run(Alarm.java:355)
	at java.base/java.util.concurrent.Executors$RunnableAdapter.call(Executors.java:515)
	at java.base/java.util.concurrent.FutureTask.run(FutureTask.java:264)
	at com.intellij.util.concurrency.SchedulingWrapper$MyScheduledFutureTask.run(SchedulingWrapper.java:220)
	at com.intellij.util.concurrency.BoundedTaskExecutor.doRun(BoundedTaskExecutor.java:216)
	at com.intellij.util.concurrency.BoundedTaskExecutor.access$200(BoundedTaskExecutor.java:27)
	at com.intellij.util.concurrency.BoundedTaskExecutor$1.execute(BoundedTaskExecutor.java:195)
	at com.intellij.util.ConcurrencyUtil.runUnderThreadName(ConcurrencyUtil.java:213)
	at com.intellij.util.concurrency.BoundedTaskExecutor$1.run(BoundedTaskExecutor.java:184)
	at java.base/java.util.concurrent.ThreadPoolExecutor.runWorker(ThreadPoolExecutor.java:1128)
	at java.base/java.util.concurrent.ThreadPoolExecutor$Worker.run(ThreadPoolExecutor.java:628)
	at java.base/java.util.concurrent.Executors$PrivilegedThreadFactory$1$1.run(Executors.java:668)
	at java.base/java.util.concurrent.Executors$PrivilegedThreadFactory$1$1.run(Executors.java:665)
	at java.base/java.security.AccessController.doPrivileged(Native Method)
	at java.base/java.util.concurrent.Executors$PrivilegedThreadFactory$1.run(Executors.java:665)
	at java.base/java.lang.Thread.run(Thread.java:829)
[2021.06.02 22:42:36] (Coverage): Failed to load coverage data from file: /home/irinel/.cache/JetBrains/IdeaIC2021.1/coverage/project$App.ic
java.io.EOFException
	at java.base/java.io.DataInputStream.readByte(DataInputStream.java:272)
	at com.intellij.rt.coverage.util.CoverageIOUtil.readUTFFast(CoverageIOUtil.java:106)
	at com.intellij.rt.coverage.util.ProjectDataLoader.expand(ProjectDataLoader.java:107)
	at com.intellij.rt.coverage.util.ProjectDataLoader.load(ProjectDataLoader.java:49)
	at com.intellij.coverage.IDEACoverageRunner.loadCoverageData(IDEACoverageRunner.java:35)
	at com.intellij.coverage.BaseCoverageSuite.loadProjectInfo(BaseCoverageSuite.java:261)
	at com.intellij.coverage.JavaCoverageSuite.getCoverageData(JavaCoverageSuite.java:160)
	at com.intellij.coverage.CoverageSuitesBundle.getCoverageData(CoverageSuitesBundle.java:96)
	at com.intellij.coverage.CoverageEditorAnnotatorImpl.showCoverage(CoverageEditorAnnotatorImpl.java:273)
	at com.intellij.coverage.CoverageDataManagerImpl$CoverageEditorFactoryListener.lambda$editorCreated$1(CoverageDataManagerImpl.java:712)
	at com.intellij.util.concurrency.QueueProcessor.runSafely(QueueProcessor.java:238)
	at com.intellij.util.Alarm$Request.runSafely(Alarm.java:369)
	at com.intellij.util.Alarm$Request.run(Alarm.java:355)
	at java.base/java.util.concurrent.Executors$RunnableAdapter.call(Executors.java:515)
	at java.base/java.util.concurrent.FutureTask.run(FutureTask.java:264)
	at com.intellij.util.concurrency.SchedulingWrapper$MyScheduledFutureTask.run(SchedulingWrapper.java:220)
	at com.intellij.util.concurrency.BoundedTaskExecutor.doRun(BoundedTaskExecutor.java:216)
	at com.intellij.util.concurrency.BoundedTaskExecutor.access$200(BoundedTaskExecutor.java:27)
	at com.intellij.util.concurrency.BoundedTaskExecutor$1.execute(BoundedTaskExecutor.java:195)
	at com.intellij.util.ConcurrencyUtil.runUnderThreadName(ConcurrencyUtil.java:213)
	at com.intellij.util.concurrency.BoundedTaskExecutor$1.run(BoundedTaskExecutor.java:184)
	at java.base/java.util.concurrent.ThreadPoolExecutor.runWorker(ThreadPoolExecutor.java:1128)
	at java.base/java.util.concurrent.ThreadPoolExecutor$Worker.run(ThreadPoolExecutor.java:628)
	at java.base/java.util.concurrent.Executors$PrivilegedThreadFactory$1$1.run(Executors.java:668)
	at java.base/java.util.concurrent.Executors$PrivilegedThreadFactory$1$1.run(Executors.java:665)
	at java.base/java.security.AccessController.doPrivileged(Native Method)
	at java.base/java.util.concurrent.Executors$PrivilegedThreadFactory$1.run(Executors.java:665)
	at java.base/java.lang.Thread.run(Thread.java:829)
[2021.06.02 23:15:45] (Coverage): Failed to load coverage data from file: /home/irinel/.cache/JetBrains/IdeaIC2021.1/coverage/project$App.ic
java.io.EOFException
	at java.base/java.io.DataInputStream.readByte(DataInputStream.java:272)
	at com.intellij.rt.coverage.util.CoverageIOUtil.readUTFFast(CoverageIOUtil.java:106)
	at com.intellij.rt.coverage.util.ProjectDataLoader.expand(ProjectDataLoader.java:107)
	at com.intellij.rt.coverage.util.ProjectDataLoader.load(ProjectDataLoader.java:49)
	at com.intellij.coverage.IDEACoverageRunner.loadCoverageData(IDEACoverageRunner.java:35)
	at com.intellij.coverage.BaseCoverageSuite.loadProjectInfo(BaseCoverageSuite.java:261)
	at com.intellij.coverage.JavaCoverageSuite.getCoverageData(JavaCoverageSuite.java:160)
	at com.intellij.coverage.CoverageSuitesBundle.getCoverageData(CoverageSuitesBundle.java:96)
	at com.intellij.coverage.CoverageEditorAnnotatorImpl.showCoverage(CoverageEditorAnnotatorImpl.java:273)
	at com.intellij.coverage.CoverageDataManagerImpl$CoverageEditorFactoryListener.lambda$editorCreated$1(CoverageDataManagerImpl.java:712)
	at com.intellij.util.concurrency.QueueProcessor.runSafely(QueueProcessor.java:238)
	at com.intellij.util.Alarm$Request.runSafely(Alarm.java:369)
	at com.intellij.util.Alarm$Request.run(Alarm.java:355)
	at java.base/java.util.concurrent.Executors$RunnableAdapter.call(Executors.java:515)
	at java.base/java.util.concurrent.FutureTask.run(FutureTask.java:264)
	at com.intellij.util.concurrency.SchedulingWrapper$MyScheduledFutureTask.run(SchedulingWrapper.java:220)
	at com.intellij.util.concurrency.BoundedTaskExecutor.doRun(BoundedTaskExecutor.java:216)
	at com.intellij.util.concurrency.BoundedTaskExecutor.access$200(BoundedTaskExecutor.java:27)
	at com.intellij.util.concurrency.BoundedTaskExecutor$1.execute(BoundedTaskExecutor.java:195)
	at com.intellij.util.ConcurrencyUtil.runUnderThreadName(ConcurrencyUtil.java:213)
	at com.intellij.util.concurrency.BoundedTaskExecutor$1.run(BoundedTaskExecutor.java:184)
	at java.base/java.util.concurrent.ThreadPoolExecutor.runWorker(ThreadPoolExecutor.java:1128)
	at java.base/java.util.concurrent.ThreadPoolExecutor$Worker.run(ThreadPoolExecutor.java:628)
	at java.base/java.util.concurrent.Executors$PrivilegedThreadFactory$1$1.run(Executors.java:668)
	at java.base/java.util.concurrent.Executors$PrivilegedThreadFactory$1$1.run(Executors.java:665)
	at java.base/java.security.AccessController.doPrivileged(Native Method)
	at java.base/java.util.concurrent.Executors$PrivilegedThreadFactory$1.run(Executors.java:665)
	at java.base/java.lang.Thread.run(Thread.java:829)
